#
# A fatal error has been detected by the Java Runtime Environment:
#
#  EXCEPTION_ACCESS_VIOLATION (0xc0000005) at pc=0x000000005ab67ac6, pid=4940, tid=0x0000000000002554
#
# JRE version: Java(TM) SE Runtime Environment (8.0_221-b11) (build 1.8.0_221-b11)
# Java VM: Java HotSpot(TM) 64-Bit Server VM (25.221-b11 mixed mode windows-amd64 compressed oops)
# Problematic frame:
# V  [jvm.dll+0x3b7ac6]
#
# Failed to write core dump. Minidumps are not enabled by default on client versions of Windows
#
# If you would like to submit a bug report, please visit:
#   http://bugreport.java.com/bugreport/crash.jsp
#

---------------  T H R E A D  ---------------

Current thread (0x000000000304f800):  GCTaskThread [stack: 0x0000000013440000,0x0000000013540000] [id=9556]

siginfo: ExceptionCode=0xc0000005, ExceptionInformation=0x0000000000000008 0x0000000000007806

Registers:
RAX=0x000000000001740d, RBX=0x0000000000000000, RCX=0x0000000000000074, RDX=0x000000000312ab70
RSP=0x000000001353f990, RBP=0x000000001353fa70, RSI=0x0000000000000002, RDI=0x0000000003129a70
R8 =0x0000000000000075, R9 =0x000000006e7cf2a1, R10=0x0000000000000007, R11=0x000000005adb7738
R12=0x0000000000000005, R13=0x000000001353fa88, R14=0x0000000000000000, R15=0x000000000304fc70
RIP=0x000000005ab67ac6, EFLAGS=0x0000000000010206

Top of Stack: (sp=0x000000001353f990)
0x000000001353f990:   000000001ccc50d0 000000005ae0afd8
0x000000001353f9a0:   0001fe260000420d 000000005a8c50f9
0x000000001353f9b0:   0001fddd0001740d 0000000000000000
0x000000001353f9c0:   0000000700000000 0001fddd00017407
0x000000001353f9d0:   0001dd720000ef9a 000000005a8c51ba
0x000000001353f9e0:   00000007c00115f0 0001dd720000ef99
0x000000001353f9f0:   000000000304fc70 000000000304fc60
0x000000001353fa00:   000000000304fc60 0000000003043280
0x000000001353fa10:   000000005ae0afd8 0000000000000002
0x000000001353fa20:   000000001e492240 000000005aba9297
0x000000001353fa30:   0001dd720000ef9a 000000001ccc50d0
0x000000001353fa40:   0000000000000000 000000005ae0afd8
0x000000001353fa50:   000000072691c9b8 0000000001a86200
0x000000001353fa60:   000000001e492240 000000005aba677e
0x000000001353fa70:   000000006e7cf2a1 000000000304f800
0x000000001353fa80:   0000000000000000 00000007105d2418 

Instructions: (pc=0x000000005ab67ac6)
0x000000005ab67aa6:   44 24 20 2b c8 81 e1 ff ff 01 00 81 f9 ff ff 01
0x000000005ab67ab6:   00 41 0f 44 ce 85 c9 75 07 32 c0 e9 e3 00 00 00
0x000000005ab67ac6:   8b 4c 24 20 48 8b 42 30 48 8b 0c c8 48 8b 5c 24
0x000000005ab67ad6:   20 8d 43 01 48 89 9c 24 a0 00 00 00 49 89 4d 00 


Register to memory mapping:

RAX=0x000000000001740d is an unknown value
RBX=0x0000000000000000 is an unknown value
RCX=0x0000000000000074 is an unknown value
RDX=0x000000000312ab70 is an unknown value
RSP=0x000000001353f990 is an unknown value
RBP=0x000000001353fa70 is an unknown value
RSI=0x0000000000000002 is an unknown value
RDI=0x0000000003129a70 is an unknown value
R8 =0x0000000000000075 is an unknown value
R9 =0x000000006e7cf2a1 is an unknown value
R10=0x0000000000000007 is an unknown value
R11=0x000000005adb7738 is an unknown value
R12=0x0000000000000005 is an unknown value
R13=0x000000001353fa88 is an unknown value
R14=0x0000000000000000 is an unknown value
R15=0x000000000304fc70 is an unknown value


Stack: [0x0000000013440000,0x0000000013540000],  sp=0x000000001353f990,  free space=1022k
Native frames: (J=compiled Java code, j=interpreted, Vv=VM code, C=native code)
V  [jvm.dll+0x3b7ac6]
V  [jvm.dll+0x3f9297]
V  [jvm.dll+0x3f677e]
V  [jvm.dll+0x29fb8a]
C  [msvcr100.dll+0x21d9f]
C  [msvcr100.dll+0x21e3b]
C  [KERNEL32.DLL+0x17034]
C  [ntdll.dll+0x52651]


---------------  P R O C E S S  ---------------

Java Threads: ( => current thread )
  0x0000000025401000 JavaThread "pool-1-thread-3" [_thread_blocked, id=14452, stack(0x0000000035730000,0x0000000035830000)]
  0x0000000025400000 JavaThread "pool-1-thread-2" [_thread_blocked, id=15256, stack(0x0000000035630000,0x0000000035730000)]
  0x00000000253fa000 JavaThread "pool-1-thread-1" [_thread_blocked, id=13008, stack(0x0000000029370000,0x0000000029470000)]
  0x00000000253ff800 JavaThread "DestroyJavaVM" [_thread_blocked, id=580, stack(0x0000000002f30000,0x0000000003030000)]
  0x00000000253fe000 JavaThread "http-nio-8080-Acceptor" daemon [_thread_in_native, id=9976, stack(0x0000000035530000,0x0000000035630000)]
  0x00000000253f7800 JavaThread "http-nio-8080-Poller" daemon [_thread_blocked, id=14672, stack(0x0000000033410000,0x0000000033510000)]
  0x00000000253fe800 JavaThread "http-nio-8080-exec-10" daemon [_thread_blocked, id=12316, stack(0x0000000033310000,0x0000000033410000)]
  0x00000000253f9000 JavaThread "http-nio-8080-exec-9" daemon [_thread_blocked, id=11636, stack(0x0000000033210000,0x0000000033310000)]
  0x00000000253f6000 JavaThread "http-nio-8080-exec-8" daemon [_thread_blocked, id=4384, stack(0x0000000033110000,0x0000000033210000)]
  0x00000000253f8800 JavaThread "http-nio-8080-exec-7" daemon [_thread_blocked, id=12552, stack(0x0000000033010000,0x0000000033110000)]
  0x00000000253f7000 JavaThread "http-nio-8080-exec-6" daemon [_thread_blocked, id=3796, stack(0x000000002d9c0000,0x000000002dac0000)]
  0x0000000022244000 JavaThread "http-nio-8080-exec-5" daemon [_thread_blocked, id=12452, stack(0x000000002d8c0000,0x000000002d9c0000)]
  0x0000000022247000 JavaThread "http-nio-8080-exec-4" daemon [_thread_blocked, id=1992, stack(0x000000002d7c0000,0x000000002d8c0000)]
  0x0000000022247800 JavaThread "http-nio-8080-exec-3" daemon [_thread_blocked, id=2320, stack(0x000000002d6c0000,0x000000002d7c0000)]
  0x0000000022243000 JavaThread "http-nio-8080-exec-2" daemon [_thread_blocked, id=13988, stack(0x000000002c0c0000,0x000000002c1c0000)]
  0x0000000022242800 JavaThread "http-nio-8080-exec-1" daemon [_thread_blocked, id=12300, stack(0x0000000029940000,0x0000000029a40000)]
  0x0000000022241800 JavaThread "HikariPool-1 housekeeper" daemon [_thread_blocked, id=11416, stack(0x0000000028f00000,0x0000000029000000)]
  0x0000000022246000 JavaThread "container-0" [_thread_blocked, id=9640, stack(0x0000000026880000,0x0000000026980000)]
  0x0000000022244800 JavaThread "Catalina-utility-2" [_thread_blocked, id=7196, stack(0x00000000239a0000,0x0000000023aa0000)]
  0x0000000022245800 JavaThread "Catalina-utility-1" [_thread_blocked, id=7988, stack(0x0000000021d20000,0x0000000021e20000)]
  0x000000001e4c8000 JavaThread "Service Thread" daemon [_thread_blocked, id=11780, stack(0x0000000020200000,0x0000000020300000)]
  0x000000001e4c7000 JavaThread "C1 CompilerThread3" daemon [_thread_blocked, id=11212, stack(0x0000000020100000,0x0000000020200000)]
  0x000000001e4c6800 JavaThread "C2 CompilerThread2" daemon [_thread_blocked, id=12232, stack(0x0000000020000000,0x0000000020100000)]
  0x000000001e4cf000 JavaThread "C2 CompilerThread1" daemon [_thread_blocked, id=11288, stack(0x000000001ff00000,0x0000000020000000)]
  0x000000001e4d3800 JavaThread "C2 CompilerThread0" daemon [_thread_blocked, id=8224, stack(0x000000001fe00000,0x000000001ff00000)]
  0x000000001e4bc000 JavaThread "JDWP Command Reader" daemon [_thread_in_native, id=11892, stack(0x000000001fd00000,0x000000001fe00000)]
  0x000000001e4b7000 JavaThread "JDWP Event Helper Thread" daemon [_thread_blocked, id=15296, stack(0x000000001fc00000,0x000000001fd00000)]
  0x000000001e4ab000 JavaThread "JDWP Transport Listener: dt_socket" daemon [_thread_blocked, id=9360, stack(0x000000001fb00000,0x000000001fc00000)]
  0x000000001cdbb800 JavaThread "Attach Listener" daemon [_thread_blocked, id=1576, stack(0x000000001fa00000,0x000000001fb00000)]
  0x000000001cdb9800 JavaThread "Signal Dispatcher" daemon [_thread_blocked, id=9996, stack(0x000000001f900000,0x000000001fa00000)]
  0x000000001cdb4000 JavaThread "Finalizer" daemon [_thread_blocked, id=8152, stack(0x000000001f6f0000,0x000000001f7f0000)]
  0x000000001e483000 JavaThread "Reference Handler" daemon [_thread_blocked, id=10048, stack(0x000000001f5f0000,0x000000001f6f0000)]

Other Threads:
  0x000000000312c800 VMThread [stack: 0x000000001f4f0000,0x000000001f5f0000] [id=12076]
  0x000000001e597000 WatcherThread [stack: 0x0000000020300000,0x0000000020400000] [id=15200]

=>0x000000000304f800 (exited) GCTaskThread [stack: 0x0000000013440000,0x0000000013540000] [id=9556]

VM state:at safepoint (normal execution)

VM Mutex/Monitor currently owned by a thread:  ([mutex/lock_event])
[0x00000000030336d0] Threads_lock - owner thread: 0x000000000312c800
[0x00000000030332d0] Heap_lock - owner thread: 0x0000000025400000

heap address: 0x00000006c1000000, size: 4080 MB, Compressed Oops mode: Zero based, Oop shift amount: 3
Narrow klass base: 0x0000000000000000, Narrow klass shift: 3
Compressed class space size: 1073741824 Address: 0x00000007c0000000

Heap:
 PSYoungGen      total 1296896K, used 1264384K [0x000000076b000000, 0x00000007bfa00000, 0x00000007c0000000)
  eden space 1205760K, 100% used [0x000000076b000000,0x00000007b4980000,0x00000007b4980000)
  from space 91136K, 64% used [0x00000007ba100000,0x00000007bda40000,0x00000007bfa00000)
  to   space 89600K, 60% used [0x00000007b4980000,0x00000007b7ea8000,0x00000007ba100000)
 ParOldGen       total 2785280K, used 2696527K [0x00000006c1000000, 0x000000076b000000, 0x000000076b000000)
  object space 2785280K, 96% used [0x00000006c1000000,0x0000000765953d10,0x000000076b000000)
 Metaspace       used 60865K, capacity 65306K, committed 65496K, reserved 1105920K
  class space    used 8391K, capacity 9138K, committed 9216K, reserved 1048576K

Card table byte_map: [0x00000000124f0000,0x0000000012cf0000] byte_map_base: 0x000000000eee8000

Marking Bits: (ParMarkBitMap*) 0x000000005afd5ce0
 Begin Bits: [0x0000000013c40000, 0x0000000017c00000)
 End Bits:   [0x0000000017c00000, 0x000000001bbc0000)

Polling page: 0x0000000002e10000

CodeCache: size=245760Kb used=16964Kb max_used=18887Kb free=228795Kb
 bounds [0x0000000003130000, 0x00000000043d0000, 0x0000000012130000]
 total_blobs=5227 nmethods=4709 adapters=438
 compilation: enabled

Compilation events (10 events):
Event: 88.484 Thread 0x000000001e4c7000 5662       1       io.micrometer.core.instrument.binder.jvm.JvmGcMetrics::access$700 (5 bytes)
Event: 88.484 Thread 0x000000001e4c7000 nmethod 5662 0x000000000332cc90 code [0x000000000332cde0, 0x000000000332ced0]
Event: 89.083 Thread 0x000000001e4c7000 5664       3       java.util.concurrent.TimeUnit$1::toNanos (2 bytes)
Event: 89.083 Thread 0x000000001e4c7000 nmethod 5664 0x000000000332c990 code [0x000000000332cae0, 0x000000000332cc30]
Event: 89.083 Thread 0x000000001e4c7000 5663       3       java.util.concurrent.ScheduledThreadPoolExecutor$ScheduledFutureTask::getDelay (20 bytes)
Event: 89.083 Thread 0x000000001e4c7000 nmethod 5663 0x000000000416d090 code [0x000000000416d200, 0x000000000416d548]
Event: 89.659 Thread 0x000000001e4cf000 5665       4       java.util.TreeMap$KeySpliterator::tryAdvance (85 bytes)
Event: 89.692 Thread 0x000000001e4cf000 nmethod 5665 0x0000000003e5ea10 code [0x0000000003e5ec60, 0x0000000003e60988]
Event: 90.932 Thread 0x000000001e4d3800 5666       4       java.util.concurrent.locks.AbstractQueuedSynchronizer::release (33 bytes)
Event: 90.933 Thread 0x000000001e4d3800 nmethod 5666 0x000000000381bd10 code [0x000000000381be60, 0x000000000381bfc8]

GC Heap History (10 events):
Event: 89.082 GC heap after
Heap after GC invocations=148 (full 13):
 PSYoungGen      total 1286656K, used 58144K [0x000000076b000000, 0x00000007bfa80000, 0x00000007c0000000)
  eden space 1189376K, 0% used [0x000000076b000000,0x000000076b000000,0x00000007b3980000)
  from space 97280K, 59% used [0x00000007b3980000,0x00000007b7248000,0x00000007b9880000)
  to   space 95232K, 0% used [0x00000007b9d80000,0x00000007b9d80000,0x00000007bfa80000)
 ParOldGen       total 2729472K, used 2619335K [0x00000006c1000000, 0x0000000767980000, 0x000000076b000000)
  object space 2729472K, 95% used [0x00000006c1000000,0x0000000760df1d10,0x0000000767980000)
 Metaspace       used 60865K, capacity 65306K, committed 65496K, reserved 1105920K
  class space    used 8391K, capacity 9138K, committed 9216K, reserved 1048576K
}
Event: 89.319 GC heap before
{Heap before GC invocations=149 (full 13):
 PSYoungGen      total 1286656K, used 1247520K [0x000000076b000000, 0x00000007bfa80000, 0x00000007c0000000)
  eden space 1189376K, 100% used [0x000000076b000000,0x00000007b3980000,0x00000007b3980000)
  from space 97280K, 59% used [0x00000007b3980000,0x00000007b7248000,0x00000007b9880000)
  to   space 95232K, 0% used [0x00000007b9d80000,0x00000007b9d80000,0x00000007bfa80000)
 ParOldGen       total 2729472K, used 2619335K [0x00000006c1000000, 0x0000000767980000, 0x000000076b000000)
  object space 2729472K, 95% used [0x00000006c1000000,0x0000000760df1d10,0x0000000767980000)
 Metaspace       used 60865K, capacity 65306K, committed 65496K, reserved 1105920K
  class space    used 8391K, capacity 9138K, committed 9216K, reserved 1048576K
Event: 89.658 GC heap after
Heap after GC invocations=149 (full 13):
 PSYoungGen      total 1293312K, used 58304K [0x000000076b000000, 0x00000007bfb00000, 0x00000007c0000000)
  eden space 1198080K, 0% used [0x000000076b000000,0x000000076b000000,0x00000007b4200000)
  from space 95232K, 61% used [0x00000007b9d80000,0x00000007bd670000,0x00000007bfa80000)
  to   space 93696K, 0% used [0x00000007b4200000,0x00000007b4200000,0x00000007b9d80000)
 ParOldGen       total 2729472K, used 2638687K [0x00000006c1000000, 0x0000000767980000, 0x000000076b000000)
  object space 2729472K, 96% used [0x00000006c1000000,0x00000007620d7d10,0x0000000767980000)
 Metaspace       used 60865K, capacity 65306K, committed 65496K, reserved 1105920K
  class space    used 8391K, capacity 9138K, committed 9216K, reserved 1048576K
}
Event: 89.932 GC heap before
{Heap before GC invocations=150 (full 13):
 PSYoungGen      total 1293312K, used 1256384K [0x000000076b000000, 0x00000007bfb00000, 0x00000007c0000000)
  eden space 1198080K, 100% used [0x000000076b000000,0x00000007b4200000,0x00000007b4200000)
  from space 95232K, 61% used [0x00000007b9d80000,0x00000007bd670000,0x00000007bfa80000)
  to   space 93696K, 0% used [0x00000007b4200000,0x00000007b4200000,0x00000007b9d80000)
 ParOldGen       total 2729472K, used 2638687K [0x00000006c1000000, 0x0000000767980000, 0x000000076b000000)
  object space 2729472K, 96% used [0x00000006c1000000,0x00000007620d7d10,0x0000000767980000)
 Metaspace       used 60865K, capacity 65306K, committed 65496K, reserved 1105920K
  class space    used 8391K, capacity 9138K, committed 9216K, reserved 1048576K
Event: 90.263 GC heap after
Heap after GC invocations=150 (full 13):
 PSYoungGen      total 1291776K, used 58624K [0x000000076b000000, 0x00000007bfa80000, 0x00000007c0000000)
  eden space 1198080K, 0% used [0x000000076b000000,0x000000076b000000,0x00000007b4200000)
  from space 93696K, 62% used [0x00000007b4200000,0x00000007b7b40000,0x00000007b9d80000)
  to   space 91648K, 0% used [0x00000007ba100000,0x00000007ba100000,0x00000007bfa80000)
 ParOldGen       total 2729472K, used 2658015K [0x00000006c1000000, 0x0000000767980000, 0x000000076b000000)
  object space 2729472K, 97% used [0x00000006c1000000,0x00000007633b7d10,0x0000000767980000)
 Metaspace       used 60865K, capacity 65306K, committed 65496K, reserved 1105920K
  class space    used 8391K, capacity 9138K, committed 9216K, reserved 1048576K
}
Event: 90.533 GC heap before
{Heap before GC invocations=151 (full 13):
 PSYoungGen      total 1291776K, used 1256704K [0x000000076b000000, 0x00000007bfa80000, 0x00000007c0000000)
  eden space 1198080K, 100% used [0x000000076b000000,0x00000007b4200000,0x00000007b4200000)
  from space 93696K, 62% used [0x00000007b4200000,0x00000007b7b40000,0x00000007b9d80000)
  to   space 91648K, 0% used [0x00000007ba100000,0x00000007ba100000,0x00000007bfa80000)
 ParOldGen       total 2729472K, used 2658015K [0x00000006c1000000, 0x0000000767980000, 0x000000076b000000)
  object space 2729472K, 97% used [0x00000006c1000000,0x00000007633b7d10,0x0000000767980000)
 Metaspace       used 60865K, capacity 65306K, committed 65496K, reserved 1105920K
  class space    used 8391K, capacity 9138K, committed 9216K, reserved 1048576K
Event: 90.811 GC heap after
Heap after GC invocations=151 (full 13):
 PSYoungGen      total 1296896K, used 58624K [0x000000076b000000, 0x00000007bfa00000, 0x00000007c0000000)
  eden space 1205760K, 0% used [0x000000076b000000,0x000000076b000000,0x00000007b4980000)
  from space 91136K, 64% used [0x00000007ba100000,0x00000007bda40000,0x00000007bfa00000)
  to   space 89600K, 0% used [0x00000007b4980000,0x00000007b4980000,0x00000007ba100000)
 ParOldGen       total 2729472K, used 2677575K [0x00000006c1000000, 0x0000000767980000, 0x000000076b000000)
  object space 2729472K, 98% used [0x00000006c1000000,0x00000007646d1d10,0x0000000767980000)
 Metaspace       used 60865K, capacity 65306K, committed 65496K, reserved 1105920K
  class space    used 8391K, capacity 9138K, committed 9216K, reserved 1048576K
}
Event: 91.074 GC heap before
{Heap before GC invocations=152 (full 13):
 PSYoungGen      total 1296896K, used 1264384K [0x000000076b000000, 0x00000007bfa00000, 0x00000007c0000000)
  eden space 1205760K, 100% used [0x000000076b000000,0x00000007b4980000,0x00000007b4980000)
  from space 91136K, 64% used [0x00000007ba100000,0x00000007bda40000,0x00000007bfa00000)
  to   space 89600K, 0% used [0x00000007b4980000,0x00000007b4980000,0x00000007ba100000)
 ParOldGen       total 2729472K, used 2677575K [0x00000006c1000000, 0x0000000767980000, 0x000000076b000000)
  object space 2729472K, 98% used [0x00000006c1000000,0x00000007646d1d10,0x0000000767980000)
 Metaspace       used 60865K, capacity 65306K, committed 65496K, reserved 1105920K
  class space    used 8391K, capacity 9138K, committed 9216K, reserved 1048576K
Event: 91.506 GC heap after
Heap after GC invocations=152 (full 13):
 PSYoungGen      total 1296896K, used 1264384K [0x000000076b000000, 0x00000007bfa00000, 0x00000007c0000000)
  eden space 1205760K, 100% used [0x000000076b000000,0x00000007b4980000,0x00000007b4980000)
  from space 91136K, 64% used [0x00000007ba100000,0x00000007bda40000,0x00000007bfa00000)
  to   space 89600K, 60% used [0x00000007b4980000,0x00000007b7ea8000,0x00000007ba100000)
 ParOldGen       total 2785280K, used 2696527K [0x00000006c1000000, 0x000000076b000000, 0x000000076b000000)
  object space 2785280K, 96% used [0x00000006c1000000,0x0000000765953d10,0x000000076b000000)
 Metaspace       used 60865K, capacity 65306K, committed 65496K, reserved 1105920K
  class space    used 8391K, capacity 9138K, committed 9216K, reserved 1048576K
}
Event: 91.506 GC heap before
{Heap before GC invocations=153 (full 14):
 PSYoungGen      total 1296896K, used 1264384K [0x000000076b000000, 0x00000007bfa00000, 0x00000007c0000000)
  eden space 1205760K, 100% used [0x000000076b000000,0x00000007b4980000,0x00000007b4980000)
  from space 91136K, 64% used [0x00000007ba100000,0x00000007bda40000,0x00000007bfa00000)
  to   space 89600K, 60% used [0x00000007b4980000,0x00000007b7ea8000,0x00000007ba100000)
 ParOldGen       total 2785280K, used 2696527K [0x00000006c1000000, 0x000000076b000000, 0x000000076b000000)
  object space 2785280K, 96% used [0x00000006c1000000,0x0000000765953d10,0x000000076b000000)
 Metaspace       used 60865K, capacity 65306K, committed 65496K, reserved 1105920K
  class space    used 8391K, capacity 9138K, committed 9216K, reserved 1048576K

Deoptimization events (10 events):
Event: 5.709 Thread 0x0000000003036800 Uncommon trap: reason=null_check action=make_not_entrant pc=0x00000000039493ac method=org.springframework.util.ClassUtils.isAssignable(Ljava/lang/Class;Ljava/lang/Class;)Z @ 14
Event: 5.712 Thread 0x0000000003036800 Uncommon trap: reason=unstable_if action=reinterpret pc=0x000000000393e724 method=org.springframework.beans.factory.support.AbstractBeanDefinition.isLazyInit()Z @ 14
Event: 5.724 Thread 0x0000000003036800 Uncommon trap: reason=unstable_if action=reinterpret pc=0x00000000038c4a20 method=org.springframework.core.annotation.AnnotationsScanner.processClassInheritedAnnotations(Ljava/lang/Object;Ljava/lang/Class;Lorg/springframework/core/annotation/MergedAnnotat
Event: 5.926 Thread 0x0000000003036800 Uncommon trap: reason=unstable_if action=reinterpret pc=0x00000000035222f4 method=org.springframework.util.ConcurrentReferenceHashMap$Segment.clear()V @ 7
Event: 5.949 Thread 0x0000000003036800 Uncommon trap: reason=null_check action=make_not_entrant pc=0x00000000037fa118 method=java.util.AbstractCollection.toArray([Ljava/lang/Object;)[Ljava/lang/Object; @ 119
Event: 6.533 Thread 0x0000000022242800 Uncommon trap: reason=bimorphic action=maybe_recompile pc=0x00000000042af000 method=org.springframework.core.annotation.AnnotationsScanner.processMethodInheritedAnnotations(Ljava/lang/Object;Ljava/lang/reflect/Method;Lorg/springframework/core/annotation/A
Event: 6.555 Thread 0x0000000025400000 Uncommon trap: reason=unstable_if action=reinterpret pc=0x000000000328d8f4 method=sun.nio.cs.UTF_8$Encoder.encode([CII[B)I @ 33
Event: 6.555 Thread 0x0000000025401000 Uncommon trap: reason=unstable_if action=reinterpret pc=0x000000000328d8f4 method=sun.nio.cs.UTF_8$Encoder.encode([CII[B)I @ 33
Event: 6.555 Thread 0x00000000253fa000 Uncommon trap: reason=unstable_if action=reinterpret pc=0x000000000328d8f4 method=sun.nio.cs.UTF_8$Encoder.encode([CII[B)I @ 33
Event: 8.804 Thread 0x000000001e483000 Uncommon trap: reason=unstable_if action=reinterpret pc=0x0000000003f8e084 method=java.lang.ref.Reference.tryHandlePending(Z)Z @ 20

Classes redefined (0 events):
No events

Internal exceptions (10 events):
Event: 5.885 Thread 0x0000000003036800 Exception <a 'java/lang/ClassNotFoundException': org/springframework/boot/actuate/autoconfigure/web/server/ManagementContextAutoConfiguration$SameManagementContextConfiguration$EnableSameManagementContextConfigurationCustomizer> (0x0000000774f5b370) throw
Event: 5.887 Thread 0x0000000003036800 Exception <a 'java/lang/ClassNotFoundException': java/lang/ObjectCustomizer> (0x0000000774f8e568) thrown at [C:\re\workspace\8-2-build-windows-amd64-cygwin\jdk8u221\13320\hotspot\src\share\vm\classfile\systemDictionary.cpp, line 210]
Event: 5.887 Thread 0x0000000003036800 Exception <a 'java/lang/ClassNotFoundException': org/springframework/boot/actuate/autoconfigure/web/server/ManagementContextAutoConfiguration$SameManagementContextConfigurationCustomizer> (0x0000000774fbeb68) thrown at [C:\re\workspace\8-2-build-windows-a
Event: 5.888 Thread 0x0000000003036800 Exception <a 'java/lang/ClassNotFoundException': org/springframework/beans/factory/SmartInitializingSingletonCustomizer> (0x0000000774fdb968) thrown at [C:\re\workspace\8-2-build-windows-amd64-cygwin\jdk8u221\13320\hotspot\src\share\vm\classfile\systemDic
Event: 5.888 Thread 0x0000000003036800 Exception <a 'java/lang/ClassNotFoundException': java/lang/ObjectCustomizer> (0x0000000774fea768) thrown at [C:\re\workspace\8-2-build-windows-amd64-cygwin\jdk8u221\13320\hotspot\src\share\vm\classfile\systemDictionary.cpp, line 210]
Event: 5.889 Thread 0x0000000003036800 Exception <a 'java/lang/ClassNotFoundException': org/springframework/boot/actuate/autoconfigure/web/server/ManagementContextAutoConfigurationCustomizer> (0x0000000775011378) thrown at [C:\re\workspace\8-2-build-windows-amd64-cygwin\jdk8u221\13320\hotspot\
Event: 5.889 Thread 0x0000000003036800 Exception <a 'java/lang/ClassNotFoundException': java/lang/ObjectCustomizer> (0x00000007750216c8) thrown at [C:\re\workspace\8-2-build-windows-amd64-cygwin\jdk8u221\13320\hotspot\src\share\vm\classfile\systemDictionary.cpp, line 210]
Event: 5.890 Thread 0x0000000003036800 Exception <a 'java/lang/ClassNotFoundException': org/springframework/boot/actuate/autoconfigure/web/server/ManagementServerPropertiesCustomizer> (0x0000000775045f68) thrown at [C:\re\workspace\8-2-build-windows-amd64-cygwin\jdk8u221\13320\hotspot\src\shar
Event: 5.931 Thread 0x0000000003036800 Exception <a 'java/lang/NoSuchMethodError': java.lang.Object.lambda$builder$0(Ljava/util/function/Supplier;)D> (0x0000000775890008) thrown at [C:\re\workspace\8-2-build-windows-amd64-cygwin\jdk8u221\13320\hotspot\src\share\vm\interpreter\linkResolver.cpp,
Event: 5.949 Thread 0x0000000003036800 Implicit null exception at 0x00000000037f9f81 to 0x00000000037fa10d

Events (10 events):
Event: 89.083 Thread 0x000000001e4c7000 flushing nmethod 0x000000000381bd10
Event: 89.319 Executing VM operation: ParallelGCFailedAllocation
Event: 89.659 Executing VM operation: ParallelGCFailedAllocation done
Event: 89.692 Thread 0x000000001e4cf000 flushing nmethod 0x0000000003874cd0
Event: 89.692 Thread 0x000000001e4cf000 flushing nmethod 0x000000000387c110
Event: 89.932 Executing VM operation: ParallelGCFailedAllocation
Event: 90.263 Executing VM operation: ParallelGCFailedAllocation done
Event: 90.533 Executing VM operation: ParallelGCFailedAllocation
Event: 90.811 Executing VM operation: ParallelGCFailedAllocation done
Event: 91.024 Executing VM operation: ParallelGCFailedAllocation


Dynamic libraries:
0x00007ff77fbc0000 - 0x00007ff77fbf7000 	C:\Program Files\Java\jdk1.8.0_221\bin\java.exe
0x00007ffdb8a30000 - 0x00007ffdb8c28000 	C:\WINDOWS\SYSTEM32\ntdll.dll
0x00007ffdb7850000 - 0x00007ffdb790d000 	C:\WINDOWS\System32\KERNEL32.DLL
0x00007ffdb6380000 - 0x00007ffdb664e000 	C:\WINDOWS\System32\KERNELBASE.dll
0x00007ffdb8940000 - 0x00007ffdb89ee000 	C:\WINDOWS\System32\ADVAPI32.dll
0x00007ffdb84f0000 - 0x00007ffdb858e000 	C:\WINDOWS\System32\msvcrt.dll
0x00007ffdb77b0000 - 0x00007ffdb784c000 	C:\WINDOWS\System32\sechost.dll
0x00007ffdb86d0000 - 0x00007ffdb87f5000 	C:\WINDOWS\System32\RPCRT4.dll
0x00007ffdb74a0000 - 0x00007ffdb7640000 	C:\WINDOWS\System32\USER32.dll
0x00007ffdb6150000 - 0x00007ffdb6172000 	C:\WINDOWS\System32\win32u.dll
0x00007ffdb7f00000 - 0x00007ffdb7f2a000 	C:\WINDOWS\System32\GDI32.dll
0x00007ffdb6650000 - 0x00007ffdb675b000 	C:\WINDOWS\System32\gdi32full.dll
0x00007ffdb6840000 - 0x00007ffdb68dd000 	C:\WINDOWS\System32\msvcp_win.dll
0x00007ffdb6990000 - 0x00007ffdb6a90000 	C:\WINDOWS\System32\ucrtbase.dll
0x00007ffda6fd0000 - 0x00007ffda726a000 	C:\WINDOWS\WinSxS\amd64_microsoft.windows.common-controls_6595b64144ccf1df_6.0.19041.1110_none_60b5254171f9507e\COMCTL32.dll
0x00007ffdb6d20000 - 0x00007ffdb6d50000 	C:\WINDOWS\System32\IMM32.DLL
0x000000005b5e0000 - 0x000000005b6b2000 	C:\Program Files\Java\jdk1.8.0_221\jre\bin\msvcr100.dll
0x000000005a7b0000 - 0x000000005b055000 	C:\Program Files\Java\jdk1.8.0_221\jre\bin\server\jvm.dll
0x00007ffdb8590000 - 0x00007ffdb8598000 	C:\WINDOWS\System32\PSAPI.DLL
0x00007ffdae400000 - 0x00007ffdae427000 	C:\WINDOWS\SYSTEM32\WINMM.dll
0x00007ffda2e50000 - 0x00007ffda2e59000 	C:\WINDOWS\SYSTEM32\WSOCK32.dll
0x00007ffdae870000 - 0x00007ffdae87a000 	C:\WINDOWS\SYSTEM32\VERSION.dll
0x00007ffdb7da0000 - 0x00007ffdb7e0b000 	C:\WINDOWS\System32\WS2_32.dll
0x00007ffda3f30000 - 0x00007ffda3f3f000 	C:\Program Files\Java\jdk1.8.0_221\jre\bin\verify.dll
0x00007ffd9dd70000 - 0x00007ffd9dd99000 	C:\Program Files\Java\jdk1.8.0_221\jre\bin\java.dll
0x00007ffd9bb00000 - 0x00007ffd9bb35000 	C:\Program Files\Java\jdk1.8.0_221\jre\bin\jdwp.dll
0x00007ffda2e60000 - 0x00007ffda2e68000 	C:\Program Files\Java\jdk1.8.0_221\jre\bin\npt.dll
0x00007ffd9d930000 - 0x00007ffd9d946000 	C:\Program Files\Java\jdk1.8.0_221\jre\bin\zip.dll
0x00007ffdb6d50000 - 0x00007ffdb7494000 	C:\WINDOWS\System32\SHELL32.dll
0x00007ffdb4270000 - 0x00007ffdb4a04000 	C:\WINDOWS\SYSTEM32\windows.storage.dll
0x00007ffdb7f30000 - 0x00007ffdb8284000 	C:\WINDOWS\System32\combase.dll
0x00007ffdb5bb0000 - 0x00007ffdb5be0000 	C:\WINDOWS\SYSTEM32\Wldp.dll
0x00007ffdb8800000 - 0x00007ffdb88ad000 	C:\WINDOWS\System32\SHCORE.dll
0x00007ffdb85a0000 - 0x00007ffdb85f5000 	C:\WINDOWS\System32\shlwapi.dll
0x00007ffdb6090000 - 0x00007ffdb60af000 	C:\WINDOWS\SYSTEM32\profapi.dll
0x00007ffda1190000 - 0x00007ffda1199000 	C:\Program Files\Java\jdk1.8.0_221\jre\bin\dt_socket.dll
0x00007ffdb5910000 - 0x00007ffdb597a000 	C:\WINDOWS\system32\mswsock.dll
0x00007ffd9df50000 - 0x00007ffd9df5d000 	C:\Program Files\Java\jdk1.8.0_221\jre\bin\management.dll
0x00007ffd9d900000 - 0x00007ffd9d91a000 	C:\Program Files\Java\jdk1.8.0_221\jre\bin\net.dll
0x00007ffda7b60000 - 0x00007ffda7d4c000 	C:\WINDOWS\SYSTEM32\urlmon.dll
0x00007ffda68a0000 - 0x00007ffda6b51000 	C:\WINDOWS\SYSTEM32\iertutil.dll
0x00007ffda6b60000 - 0x00007ffda6b88000 	C:\WINDOWS\SYSTEM32\srvcli.dll
0x00007ffdb56a0000 - 0x00007ffdb56ac000 	C:\WINDOWS\SYSTEM32\netutils.dll
0x00007ffd93660000 - 0x00007ffd93677000 	C:\WINDOWS\system32\napinsp.dll
0x00007ffd93640000 - 0x00007ffd9365b000 	C:\WINDOWS\system32\pnrpnsp.dll
0x00007ffd99470000 - 0x00007ffd99485000 	C:\WINDOWS\system32\wshbth.dll
0x00007ffdb1cb0000 - 0x00007ffdb1ccd000 	C:\WINDOWS\system32\NLAapi.dll
0x00007ffdb5590000 - 0x00007ffdb55cb000 	C:\WINDOWS\SYSTEM32\IPHLPAPI.DLL
0x00007ffdb55d0000 - 0x00007ffdb569b000 	C:\WINDOWS\SYSTEM32\DNSAPI.dll
0x00007ffdb8290000 - 0x00007ffdb8298000 	C:\WINDOWS\System32\NSI.dll
0x00007ffd93620000 - 0x00007ffd93632000 	C:\WINDOWS\System32\winrnr.dll
0x00007ffdafd60000 - 0x00007ffdafd6a000 	C:\Windows\System32\rasadhlp.dll
0x00007ffdaf920000 - 0x00007ffdaf9a0000 	C:\WINDOWS\System32\fwpuclnt.dll
0x00007ffdb6180000 - 0x00007ffdb61a7000 	C:\WINDOWS\System32\bcrypt.dll
0x00007ffd9b730000 - 0x00007ffd9b742000 	C:\Program Files\Java\jdk1.8.0_221\jre\bin\nio.dll
0x00007ffdb5b00000 - 0x00007ffdb5b18000 	C:\WINDOWS\SYSTEM32\CRYPTSP.dll
0x00007ffdb51c0000 - 0x00007ffdb51f4000 	C:\WINDOWS\system32\rsaenh.dll
0x00007ffdb6010000 - 0x00007ffdb603e000 	C:\WINDOWS\SYSTEM32\USERENV.dll
0x00007ffdb67b0000 - 0x00007ffdb6832000 	C:\WINDOWS\System32\bcryptprimitives.dll
0x00007ffdb5b20000 - 0x00007ffdb5b2c000 	C:\WINDOWS\SYSTEM32\CRYPTBASE.dll
0x00007ffdb0c10000 - 0x00007ffdb0c27000 	C:\WINDOWS\SYSTEM32\dhcpcsvc6.DLL
0x00007ffdb0bf0000 - 0x00007ffdb0c0d000 	C:\WINDOWS\SYSTEM32\dhcpcsvc.DLL
0x00007ffd95f00000 - 0x00007ffd95f24000 	C:\Program Files\Java\jdk1.8.0_221\jre\bin\sunec.dll
0x00007ffd9df40000 - 0x00007ffd9df4b000 	C:\Program Files\Java\jdk1.8.0_221\jre\bin\sunmscapi.dll
0x00007ffdb61b0000 - 0x00007ffdb6306000 	C:\WINDOWS\System32\CRYPT32.dll
0x00007ffda7d50000 - 0x00007ffda7f34000 	C:\WINDOWS\SYSTEM32\dbghelp.dll

VM Arguments:
jvm_args: -agentlib:jdwp=transport=dt_socket,address=127.0.0.1:7491,suspend=y,server=n -Dfile.encoding=UTF-8 
java_command: com.example.restservice.RestServiceApplication
java_class_path (initial): C:\Program Files\Java\jdk1.8.0_221\jre\lib\charsets.jar;C:\Program Files\Java\jdk1.8.0_221\jre\lib\deploy.jar;C:\Program Files\Java\jdk1.8.0_221\jre\lib\ext\access-bridge-64.jar;C:\Program Files\Java\jdk1.8.0_221\jre\lib\ext\cldrdata.jar;C:\Program Files\Java\jdk1.8.0_221\jre\lib\ext\dnsns.jar;C:\Program Files\Java\jdk1.8.0_221\jre\lib\ext\jaccess.jar;C:\Program Files\Java\jdk1.8.0_221\jre\lib\ext\jfxrt.jar;C:\Program Files\Java\jdk1.8.0_221\jre\lib\ext\localedata.jar;C:\Program Files\Java\jdk1.8.0_221\jre\lib\ext\nashorn.jar;C:\Program Files\Java\jdk1.8.0_221\jre\lib\ext\sunec.jar;C:\Program Files\Java\jdk1.8.0_221\jre\lib\ext\sunjce_provider.jar;C:\Program Files\Java\jdk1.8.0_221\jre\lib\ext\sunmscapi.jar;C:\Program Files\Java\jdk1.8.0_221\jre\lib\ext\sunpkcs11.jar;C:\Program Files\Java\jdk1.8.0_221\jre\lib\ext\zipfs.jar;C:\Program Files\Java\jdk1.8.0_221\jre\lib\javaws.jar;C:\Program Files\Java\jdk1.8.0_221\jre\lib\jce.jar;C:\Program Files\Java\jdk1.8.0_221\jre\lib\jfr.jar;C:\Program Files\Java\jdk1.8.0_221\jre\lib\jfxswt.jar;C:\Program Files\Java\jdk1.8.0_221\jre\lib\jsse.jar;C:\Program Files\Java\jdk1.8.0_221\jre\lib\management-agent.jar;C:\Program Files\Java\jdk1.8.0_221\jre\lib\plugin.jar;C:\Program Files\Java\jdk1.8.0_221\jre\lib\resources.jar;C:\Program Files\Java\jdk1.8.0_221\jre\lib\rt.jar;C:\Users\Ivan\Desktop\tmp\rest-service\target\classes;C:\Users\Ivan\.m2\repository\org\springframework\boot\spring-boot-starter-actuator\2.7.0\spring-boot-starter-actuator-2.7.0.jar;C:\Users\Ivan\.m2\repository\org\springframework\boot\spring-boot-starter\2.7.0\spring-boot-starter-2.7.0.jar;C:\Users\Ivan\.m2\repository\org\springframework\boot\spring-boot\2.7.0\spring-boot-2.7.0.jar;C:\Users\Ivan\.m2\repository\org\springframework\boot\spring-boot-autoconfigure\2.7.0\spring-boot-autoconfigure-2.7.0.jar;C:\Users\Ivan\.m2\repository\org\springframework\boot\spring-boot-starter-logging\2.7.0\spring-boot-starter-logging-2.7.0.jar;C:\Users\Ivan\.
Launcher Type: SUN_STANDARD

Environment Variables:
PATH=C:\Program Files (x86)\Common Files\Oracle\Java\javapath;C:\Windows\system32;C:\Windows;C:\Windows\System32\Wbem;C:\Windows\System32\WindowsPowerShell\v1.0\;C:\Windows\System32\OpenSSH\;C:\Program Files\NVIDIA Corporation\NVIDIA NvDLISR;C:\WINDOWS\system32;C:\WINDOWS;C:\WINDOWS\System32\Wbem;C:\WINDOWS\System32\WindowsPowerShell\v1.0\;C:\WINDOWS\System32\OpenSSH\;C:\WINDOWS\system32;C:\WINDOWS;C:\WINDOWS\System32\Wbem;C:\WINDOWS\System32\WindowsPowerShell\v1.0\;C:\WINDOWS\System32\OpenSSH\;C:\Program Files (x86)\NVIDIA Corporation\PhysX\Common;C:\Program Files\Git\cmd;C:\Users\Ivan\AppData\Local\Microsoft\WindowsApps;
USERNAME=Ivan
OS=Windows_NT
PROCESSOR_IDENTIFIER=Intel64 Family 6 Model 158 Stepping 10, GenuineIntel



---------------  S Y S T E M  ---------------

OS: Windows 10.0 , 64 bit Build 19041 (10.0.19041.1806)

CPU:total 12 (initial active 12) (6 cores per cpu, 2 threads per core) family 6 model 158 stepping 10, cmov, cx8, fxsr, mmx, sse, sse2, sse3, ssse3, sse4.1, sse4.2, popcnt, avx, avx2, aes, clmul, erms, rtm, 3dnowpref, lzcnt, ht, tsc, tscinvbit, bmi1, bmi2, adx

Memory: 4k page, physical 16707044k(5637620k free), swap 19197412k(4544132k free)

vm_info: Java HotSpot(TM) 64-Bit Server VM (25.221-b11) for windows-amd64 JRE (1.8.0_221-b11), built on Jul  4 2019 04:39:29 by "java_re" with MS VC++ 10.0 (VS2010)

time: Sun Aug 07 13:03:23 2022
timezone: RTZ 2 (зима)
elapsed time: 94 seconds (0d 0h 1m 34s)

